IMLib/build/outputs/logs/manifest-merger-debug-report.txt
-- Merging decision tree log ---
manifest
ADDED from QdProjectApp\IMLib\AndroidManifest.xml:1:1-76:12
INJECTED from QdProjectApp\IMLib\AndroidManifest.xml:1:1-76:12
INJECTED from QdProjectApp\IMLib\AndroidManifest.xml:1:1-76:12
INJECTED from QdProjectApp\IMLib\AndroidManifest.xml:1:1-76:12
INJECTED from QdProjectApp\IMLib\AndroidManifest.xml:1:1-76:12
INJECTED from QdProjectApp\IMLib\AndroidManifest.xml:1:1-76:12
INJECTED from QdProjectApp\IMLib\AndroidManifest.xml:1:1-76:12
	package
		ADDED from QdProjectApp\IMLib\AndroidManifest.xml:2:5-28
		INJECTED from QdProjectApp\IMLib\AndroidManifest.xml
		INJECTED from QdProjectApp\IMLib\AndroidManifest.xml
	android:versionName
		INJECTED from QdProjectApp\IMLib\AndroidManifest.xml
		ADDED from QdProjectApp\IMLib\AndroidManifest.xml:1:1-76:12
		INJECTED from QdProjectApp\IMLib\AndroidManifest.xml
	android:versionCode
		INJECTED from QdProjectApp\IMLib\AndroidManifest.xml
		ADDED from QdProjectApp\IMLib\AndroidManifest.xml:1:1-76:12
		INJECTED from QdProjectApp\IMLib\AndroidManifest.xml
	xmlns:android
		ADDED from QdProjectApp\IMLib\AndroidManifest.xml:1:11-69
uses-permission#android.permission.WRITE_EXTERNAL_STORAGE
ADDED from QdProjectApp\IMLib\AndroidManifest.xml:4:5-81
	android:name
		ADDED from QdProjectApp\IMLib\AndroidManifest.xml:4:22-78
uses-permission#android.permission.INTERNET
ADDED from QdProjectApp\IMLib\AndroidManifest.xml:5:5-67
	android:name
		ADDED from QdProjectApp\IMLib\AndroidManifest.xml:5:22-64
uses-permission#android.permission.ACCESS_NETWORK_STATE
ADDED from QdProjectApp\IMLib\AndroidManifest.xml:6:5-79
	android:name
		ADDED from QdProjectApp\IMLib\AndroidManifest.xml:6:22-76
uses-permission#android.permission.ACCESS_WIFI_STATE
ADDED from QdProjectApp\IMLib\AndroidManifest.xml:7:5-76
	android:name
		ADDED from QdProjectApp\IMLib\AndroidManifest.xml:7:22-73
uses-permission#android.permission.WAKE_LOCK
ADDED from QdProjectApp\IMLib\AndroidManifest.xml:8:5-68
	android:name
		ADDED from QdProjectApp\IMLib\AndroidManifest.xml:8:22-65
uses-permission#android.permission.ACCESS_FINE_LOCATION
ADDED from QdProjectApp\IMLib\AndroidManifest.xml:9:5-79
	android:name
		ADDED from QdProjectApp\IMLib\AndroidManifest.xml:9:22-76
application
ADDED from QdProjectApp\IMLib\AndroidManifest.xml:11:5-74:19
meta-data#RONG_CLOUD_APP_KEY
ADDED from QdProjectApp\IMLib\AndroidManifest.xml:14:9-16:45
	android:value
		ADDED from QdProjectApp\IMLib\AndroidManifest.xml:16:13-42
	android:name
		ADDED from QdProjectApp\IMLib\AndroidManifest.xml:15:13-46
service#io.rong.imlib.ipc.RongService
ADDED from QdProjectApp\IMLib\AndroidManifest.xml:18:9-21:38
	android:process
		ADDED from QdProjectApp\IMLib\AndroidManifest.xml:21:13-35
	android:exported
		ADDED from QdProjectApp\IMLib\AndroidManifest.xml:20:13-36
	android:name
		ADDED from QdProjectApp\IMLib\AndroidManifest.xml:19:13-57
receiver#io.rong.imlib.ConnectChangeReceiver
ADDED from QdProjectApp\IMLib\AndroidManifest.xml:23:9-25:39
	android:exported
		ADDED from QdProjectApp\IMLib\AndroidManifest.xml:25:13-36
	android:name
		ADDED from QdProjectApp\IMLib\AndroidManifest.xml:24:13-63
receiver#io.rong.imlib.HeartbeatReceiver
ADDED from QdProjectApp\IMLib\AndroidManifest.xml:27:9-29:38
	android:process
		ADDED from QdProjectApp\IMLib\AndroidManifest.xml:29:13-35
	android:name
		ADDED from QdProjectApp\IMLib\AndroidManifest.xml:28:13-59
service#io.rong.push.core.PushRegistrationService
ADDED from QdProjectApp\IMLib\AndroidManifest.xml:36:9-39:72
	android:exported
		ADDED from QdProjectApp\IMLib\AndroidManifest.xml:38:13-36
	android:permission
		ADDED from QdProjectApp\IMLib\AndroidManifest.xml:39:13-69
	android:name
		ADDED from QdProjectApp\IMLib\AndroidManifest.xml:37:13-69
service#io.rong.push.core.MessageHandleService
ADDED from QdProjectApp\IMLib\AndroidManifest.xml:41:9-44:72
	android:exported
		ADDED from QdProjectApp\IMLib\AndroidManifest.xml:43:13-36
	android:permission
		ADDED from QdProjectApp\IMLib\AndroidManifest.xml:44:13-69
	android:name
		ADDED from QdProjectApp\IMLib\AndroidManifest.xml:42:13-66
service#io.rong.push.PushService
ADDED from QdProjectApp\IMLib\AndroidManifest.xml:47:9-51:46
	android:process
		ADDED from QdProjectApp\IMLib\AndroidManifest.xml:51:13-43
	android:exported
		ADDED from QdProjectApp\IMLib\AndroidManifest.xml:49:13-36
	android:permission
		ADDED from QdProjectApp\IMLib\AndroidManifest.xml:50:13-69
	android:name
		ADDED from QdProjectApp\IMLib\AndroidManifest.xml:48:13-52
receiver#io.rong.push.PushReceiver
ADDED from QdProjectApp\IMLib\AndroidManifest.xml:54:9-69:20
	android:process
		ADDED from QdProjectApp\IMLib\AndroidManifest.xml:56:13-43
	android:name
		ADDED from QdProjectApp\IMLib\AndroidManifest.xml:55:13-53
intent-filter#android.net.conn.CONNECTIVITY_CHANGE+io.rong.push.intent.action.HEART_BEAT
ADDED from QdProjectApp\IMLib\AndroidManifest.xml:58:13-61:29
action#io.rong.push.intent.action.HEART_BEAT
ADDED from QdProjectApp\IMLib\AndroidManifest.xml:59:17-80
	android:name
		ADDED from QdProjectApp\IMLib\AndroidManifest.xml:59:25-77
action#android.net.conn.CONNECTIVITY_CHANGE
ADDED from QdProjectApp\IMLib\AndroidManifest.xml:60:17-79
	android:name
		ADDED from QdProjectApp\IMLib\AndroidManifest.xml:60:25-76
intent-filter#android.intent.action.ACTION_POWER_CONNECTED+android.intent.action.ACTION_POWER_DISCONNECTED+android.intent.action.USER_PRESENT
ADDED from QdProjectApp\IMLib\AndroidManifest.xml:64:13-68:29
action#android.intent.action.USER_PRESENT
ADDED from QdProjectApp\IMLib\AndroidManifest.xml:65:17-77
	android:name
		ADDED from QdProjectApp\IMLib\AndroidManifest.xml:65:25-74
action#android.intent.action.ACTION_POWER_CONNECTED
ADDED from QdProjectApp\IMLib\AndroidManifest.xml:66:17-87
	android:name
		ADDED from QdProjectApp\IMLib\AndroidManifest.xml:66:25-84
action#android.intent.action.ACTION_POWER_DISCONNECTED
ADDED from QdProjectApp\IMLib\AndroidManifest.xml:67:17-90
	android:name
		ADDED from QdProjectApp\IMLib\AndroidManifest.xml:67:25-87
uses-sdk
INJECTED from QdProjectApp\IMLib\AndroidManifest.xml reason: use-sdk injection requested
INJECTED from QdProjectApp\IMLib\AndroidManifest.xml
INJECTED from QdProjectApp\IMLib\AndroidManifest.xml
INJECTED from QdProjectApp\IMLib\AndroidManifest.xml
INJECTED from QdProjectApp\IMLib\AndroidManifest.xml
	android:targetSdkVersion
		INJECTED from QdProjectApp\IMLib\AndroidManifest.xml
		ADDED from QdProjectApp\IMLib\AndroidManifest.xml
		INJECTED from QdProjectApp\IMLib\AndroidManifest.xml
	android:minSdkVersion
		INJECTED from QdProjectApp\IMLib\AndroidManifest.xml
		ADDED from QdProjectApp\IMLib\AndroidManifest.xml
		INJECTED from QdProjectApp\IMLib\AndroidManifest.xml